Logging enabled.
./wcmi.py run --dense --load-model=dist/reversed_dense.pt --load-data=data/4th_dataset_noid.csv --save-data=dist/reversed_4th_dataset_dense_predictions.csv --log=dist/log/reversed_run_dense.log --log-truncate
All model predictions are within the minimum and maximum boundaries.

WARNING: there are few unique values (#2) for predictions for simulation output parameter #1 (`kdiff[%]`):
  14.179891 x4,367
  5.373603  x1,960

WARNING: there is little variance in the predictions for simulation output parameter #2 (`Bleak[uT]`): std <= this_threshold: 18.349133 <= 29.900000.
WARNING: there are few unique values (#2) for predictions for simulation output parameter #2 (`Bleak[uT]`):
  46.089066 x4,418
  6.1132298 x1,909

WARNING: there is little variance in the predictions for simulation output parameter #3 (`V_PriWind[cm3]`): std <= this_threshold: 22.676573 <= 29.900000.
WARNING: there are few unique values (#2) for predictions for simulation output parameter #3 (`V_PriWind[cm3]`):
  63.409004 x4,474
  113.23885 x1,853

WARNING: there are few unique values (#2) for predictions for simulation output parameter #4 (`V_PriCore[cm3]`):
  762.80176 x4,387
  5968.3506 x1,940

WARNING: there are few unique values (#2) for predictions for simulation output parameter #5 (`Pout[W]`):
  1095.9167 x4,458
  216.53925 x1,869


(Reversed model: columns are sim outs, not sim ins.)
Columns: <kdiff[%], Bleak[uT], V_PriWind[cm3], V_PriCore[cm3], Pout[W]>

Prediction MSEs for each column: <45.109966, 690.049011, 1572.013550, 10877998.000000, 413146.156250>
Label variance for each column: <19.387678, 399.516907, 620.753540, 6774434.500000, 193326.171875>

Prediction RMSEs for each column: <6.716395, 26.268784, 39.648624, 3298.180908, 642.764465>
Label stddev for each column: <4.403144, 19.987919, 24.914927, 2602.774414, 439.688721>

Mean of column MSEs: 2258690.250000
Mean of label variances: 1393760.000000

Mean of column RMSEs: 802.715820
Mean of label stddevs: 618.353821
Wrote CSV output with predictions to `dist/reversed_4th_dataset_dense_predictions.csv'.
