Logging enabled.
./wcmi.py run --dense --load-model=dist/reverse_dense.pt --load-data=data/4th_dataset_noid.csv --save-data=dist/reverse_4th_dataset_dense_predictions.csv --log=dist/log/reverse_run_dense.log --log-truncate --num-epochs=10 --status-every-epoch=1
All model predictions are within the minimum and maximum boundaries.

WARNING: there are few unique values (#2) for predictions for simulation output parameter #1 (`kdiff[%]`):
  14.179891 x3,920
  5.373603  x2,407

WARNING: there is little variance in the predictions for simulation output parameter #2 (`Bleak[uT]`): std <= this_threshold: 8.681807 <= 29.900000.
WARNING: there are few unique values (#2) for predictions for simulation output parameter #2 (`Bleak[uT]`):
  46.089066 x6,013
  6.1132298 x314

WARNING: there is little variance in the predictions for simulation output parameter #3 (`V_PriWind[cm3]`): std <= this_threshold: 24.188173 <= 29.900000.
WARNING: there are few unique values (#2) for predictions for simulation output parameter #3 (`V_PriWind[cm3]`):
  63.409004 x3,922
  113.23885 x2,405

WARNING: there is little variance in the predictions for simulation output parameter #4 (`V_PriCore[cm3]`): std <= this_threshold: 451.683838 <= 999.900000.
WARNING: there are few unique values (#2) for predictions for simulation output parameter #4 (`V_PriCore[cm3]`):
  5968.3506 x6,279
  762.80176 x48

WARNING: there is little variance in the predictions for simulation output parameter #5 (`Pout[W]`): std <= this_threshold: 71.409294 <= 299.900000.
WARNING: there are few unique values (#2) for predictions for simulation output parameter #5 (`Pout[W]`):
  216.53925 x6,285
  1095.9167 x42


(Reversed model: columns are sim outs, not sim ins.)
Columns: <kdiff[%], Bleak[uT], V_PriWind[cm3], V_PriCore[cm3], Pout[W]>

Prediction MSEs for each column: <41.026688, 798.766724, 1328.004761, 13476059.000000, 389002.125000>
Label variance for each column: <19.387678, 399.516907, 620.753540, 6774434.500000, 193326.171875>

Prediction RMSEs for each column: <6.405208, 28.262461, 36.441799, 3670.975098, 623.700378>
Label stddev for each column: <4.403144, 19.987919, 24.914927, 2602.774414, 439.688721>

Mean of column MSEs: 2773445.750000
Mean of label variances: 1393760.000000

Mean of column RMSEs: 873.156921
Mean of label stddevs: 618.353821
Wrote CSV output with predictions to `dist/reverse_4th_dataset_dense_predictions.csv'.
