Logging enabled.
./wcmi.py run --gan --load-model=dist/gan.pt --load-data=data/4th_dataset_noid.csv --save-data=dist/4th_dataset_gan_predictions.csv --log=dist/log/run_gan.log --log-truncate --num-epochs=10 --status-every-epoch=1
All model predictions are within the minimum and maximum boundaries.

WARNING: there is little variance in the predictions for simulation input parameter #1 (`Iin[A]`): std <= this_threshold: 2.029599 <= 9.900000.

WARNING: there is little variance in the predictions for simulation input parameter #2 (`Iout[A]`): std <= this_threshold: 2.046126 <= 9.900000.

WARNING: there is little variance in the predictions for simulation input parameter #3 (`l[mm]`): std <= this_threshold: 49.649223 <= 149.700000.

WARNING: there is little variance in the predictions for simulation input parameter #4 (`p1[mm]`): std <= this_threshold: 3.832585 <= 14.700000.

WARNING: there is little variance in the predictions for simulation input parameter #5 (`p2[mm]`): std <= this_threshold: 3.258206 <= 14.700000.

WARNING: there is little variance in the predictions for simulation input parameter #6 (`p3[mm]`): std <= this_threshold: 4.516054 <= 14.700000.

WARNING: there is little variance in the predictions for simulation input parameter #7 (`win[mm]`): std <= this_threshold: 37.184681 <= 99.900000.


Columns: <Iin[A], Iout[A], l[mm], p1[mm], p2[mm], p3[mm], win[mm]>

Prediction MSEs for each column: <162.071716, 177.449982, 97567.921875, 890.282471, 846.792419, 900.534668, 59254.699219>
Label variance for each column: <155.555573, 155.555557, 90053.718750, 819.498596, 847.179260, 847.179260, 42892.542969>

Prediction RMSEs for each column: <12.730739, 13.321035, 312.358643, 29.837601, 29.099697, 30.008909, 243.422882>
Label stddev for each column: <12.472192, 12.472192, 300.089508, 28.626886, 29.106344, 29.106344, 207.105148>

Mean of column MSEs: 22828.535156
Mean of label variances: 19395.890625

Mean of column RMSEs: 95.825638
Mean of label stddevs: 88.425522
Wrote CSV output with predictions to `dist/4th_dataset_gan_predictions.csv'.
