Logging enabled.
./wcmi.py train --dense --load-data=data/4th_dataset_noid.csv --save-model=dist/dense_00_initial.pt --save-data=dist/train_dense_mse_00_initial.csv --log=dist/log/train_dense_00_initial.log --log-truncate --num-epochs=10 --status-every-epoch=1
device: cpu

Beginning epoch #1/10.
  Beginning sample #1/6,327 (epoch #1/10).
    MSE loss, mean of columns: 23,642.812500
  Beginning sample #1,025/6,327 (epoch #1/10).
    MSE loss, mean of columns: 29,576.238281
  Beginning sample #2,049/6,327 (epoch #1/10).
    MSE loss, mean of columns: 29,331.466797
  Beginning sample #3,009/6,327 (epoch #1/10).
    MSE loss, mean of columns: 28,175.152344
  Beginning sample #4,033/6,327 (epoch #1/10).
    MSE loss, mean of columns: 34,298.007812
  Beginning sample #5,057/6,327 (testing phase) (epoch #1/10).
    MSE loss, mean of columns: 28,773.076172
  Beginning sample #6,017/6,327 (testing phase) (epoch #1/10).
    MSE loss, mean of columns: 28,606.802734
Done training epoch #1/10 (testing MSE norm (mean) vs. training MSE norm (mean): 156,337.281250 (30,487.839844) vs. 157,982.812500 (30,878.630859) (lower is more accurate)).

Beginning epoch #2/10.
  Beginning sample #1/6,327 (epoch #2/10).
    MSE loss, mean of columns: 28,176.753906
  Beginning sample #1,025/6,327 (epoch #2/10).
    MSE loss, mean of columns: 29,476.201172
  Beginning sample #2,049/6,327 (epoch #2/10).
    MSE loss, mean of columns: 29,771.136719
  Beginning sample #3,009/6,327 (epoch #2/10).
    MSE loss, mean of columns: 28,582.394531
  Beginning sample #4,033/6,327 (epoch #2/10).
    MSE loss, mean of columns: 33,153.464844
  Beginning sample #5,057/6,327 (testing phase) (epoch #2/10).
    MSE loss, mean of columns: 30,471.777344
  Beginning sample #6,017/6,327 (testing phase) (epoch #2/10).
    MSE loss, mean of columns: 28,179.013672
Done training epoch #2/10 (testing MSE norm (mean) vs. training MSE norm (mean): 156,445.250000 (30,499.220703) vs. 158,179.671875 (30,923.634766) (lower is more accurate)).

Beginning epoch #3/10.
  Beginning sample #1/6,327 (epoch #3/10).
    MSE loss, mean of columns: 29,611.691406
  Beginning sample #1,025/6,327 (epoch #3/10).
    MSE loss, mean of columns: 28,307.708984
  Beginning sample #2,049/6,327 (epoch #3/10).
    MSE loss, mean of columns: 29,052.978516
  Beginning sample #3,009/6,327 (epoch #3/10).
    MSE loss, mean of columns: 28,816.896484
  Beginning sample #4,033/6,327 (epoch #3/10).
    MSE loss, mean of columns: 34,851.027344
  Beginning sample #5,057/6,327 (testing phase) (epoch #3/10).
    MSE loss, mean of columns: 29,730.253906
  Beginning sample #6,017/6,327 (testing phase) (epoch #3/10).
    MSE loss, mean of columns: 28,778.656250
Done training epoch #3/10 (testing MSE norm (mean) vs. training MSE norm (mean): 156,271.671875 (30,517.285156) vs. 158,430.671875 (30,986.994141) (lower is more accurate)).

Beginning epoch #4/10.
  Beginning sample #1/6,327 (epoch #4/10).
    MSE loss, mean of columns: 28,225.236328
  Beginning sample #1,025/6,327 (epoch #4/10).
    MSE loss, mean of columns: 29,484.568359
  Beginning sample #2,049/6,327 (epoch #4/10).
    MSE loss, mean of columns: 30,200.412109
  Beginning sample #3,009/6,327 (epoch #4/10).
    MSE loss, mean of columns: 29,254.746094
  Beginning sample #4,033/6,327 (epoch #4/10).
    MSE loss, mean of columns: 34,299.125000
  Beginning sample #5,057/6,327 (testing phase) (epoch #4/10).
    MSE loss, mean of columns: 29,895.052734
  Beginning sample #6,017/6,327 (testing phase) (epoch #4/10).
    MSE loss, mean of columns: 27,972.619141
Done training epoch #4/10 (testing MSE norm (mean) vs. training MSE norm (mean): 155,077.484375 (30,288.291016) vs. 159,341.890625 (31,134.525391) (lower is more accurate)).

Beginning epoch #5/10.
  Beginning sample #1/6,327 (epoch #5/10).
    MSE loss, mean of columns: 28,660.369141
  Beginning sample #1,025/6,327 (epoch #5/10).
    MSE loss, mean of columns: 30,095.853516
  Beginning sample #2,049/6,327 (epoch #5/10).
    MSE loss, mean of columns: 30,202.642578
  Beginning sample #3,009/6,327 (epoch #5/10).
    MSE loss, mean of columns: 28,457.935547
  Beginning sample #4,033/6,327 (epoch #5/10).
    MSE loss, mean of columns: 34,979.335938
  Beginning sample #5,057/6,327 (testing phase) (epoch #5/10).
    MSE loss, mean of columns: 29,600.746094
  Beginning sample #6,017/6,327 (testing phase) (epoch #5/10).
    MSE loss, mean of columns: 28,776.427734
Done training epoch #5/10 (testing MSE norm (mean) vs. training MSE norm (mean): 157,240.031250 (30,612.613281) vs. 158,874.765625 (31,074.611328) (lower is more accurate)).

Beginning epoch #6/10.
  Beginning sample #1/6,327 (epoch #6/10).
    MSE loss, mean of columns: 29,196.076172
  Beginning sample #1,025/6,327 (epoch #6/10).
    MSE loss, mean of columns: 30,213.218750
  Beginning sample #2,049/6,327 (epoch #6/10).
    MSE loss, mean of columns: 29,111.095703
  Beginning sample #3,009/6,327 (epoch #6/10).
    MSE loss, mean of columns: 28,629.076172
  Beginning sample #4,033/6,327 (epoch #6/10).
    MSE loss, mean of columns: 33,718.351562
  Beginning sample #5,057/6,327 (testing phase) (epoch #6/10).
    MSE loss, mean of columns: 29,473.750000
  Beginning sample #6,017/6,327 (testing phase) (epoch #6/10).
    MSE loss, mean of columns: 27,630.029297
Done training epoch #6/10 (testing MSE norm (mean) vs. training MSE norm (mean): 156,618.750000 (30,513.457031) vs. 158,977.125000 (31,076.781250) (lower is more accurate)).

Beginning epoch #7/10.
  Beginning sample #1/6,327 (epoch #7/10).
    MSE loss, mean of columns: 28,347.365234
  Beginning sample #1,025/6,327 (epoch #7/10).
    MSE loss, mean of columns: 53,653.644531
  Beginning sample #2,049/6,327 (epoch #7/10).
    MSE loss, mean of columns: 52,704.933594
  Beginning sample #3,009/6,327 (epoch #7/10).
    MSE loss, mean of columns: 51,379.160156
  Beginning sample #4,033/6,327 (epoch #7/10).
    MSE loss, mean of columns: 58,382.339844
  Beginning sample #5,057/6,327 (testing phase) (epoch #7/10).
    MSE loss, mean of columns: 50,014.082031
  Beginning sample #6,017/6,327 (testing phase) (epoch #7/10).
    MSE loss, mean of columns: 53,983.882812
Done training epoch #7/10 (testing MSE norm (mean) vs. training MSE norm (mean): 302,937.500000 (54,673.460938) vs. 289,346.906250 (52,729.542969) (lower is more accurate)).

Beginning epoch #8/10.
  Beginning sample #1/6,327 (epoch #8/10).
    MSE loss, mean of columns: 59,161.425781
  Beginning sample #1,025/6,327 (epoch #8/10).
    MSE loss, mean of columns: 53,082.101562
  Beginning sample #2,049/6,327 (epoch #8/10).
    MSE loss, mean of columns: 54,397.914062
  Beginning sample #3,009/6,327 (epoch #8/10).
    MSE loss, mean of columns: 51,382.214844
  Beginning sample #4,033/6,327 (epoch #8/10).
    MSE loss, mean of columns: 58,382.339844
  Beginning sample #5,057/6,327 (testing phase) (epoch #8/10).
    MSE loss, mean of columns: 50,014.082031
  Beginning sample #6,017/6,327 (testing phase) (epoch #8/10).
    MSE loss, mean of columns: 53,983.875000
Done training epoch #8/10 (testing MSE norm (mean) vs. training MSE norm (mean): 302,937.500000 (54,674.007812) vs. 302,592.312500 (54,493.726562) (lower is more accurate)).

Beginning epoch #9/10.
  Beginning sample #1/6,327 (epoch #9/10).
    MSE loss, mean of columns: 59,161.425781
  Beginning sample #1,025/6,327 (epoch #9/10).
    MSE loss, mean of columns: 53,081.363281
  Beginning sample #2,049/6,327 (epoch #9/10).
    MSE loss, mean of columns: 54,396.437500
  Beginning sample #3,009/6,327 (epoch #9/10).
    MSE loss, mean of columns: 51,307.031250
  Beginning sample #4,033/6,327 (epoch #9/10).
    MSE loss, mean of columns: 58,416.238281
  Beginning sample #5,057/6,327 (testing phase) (epoch #9/10).
    MSE loss, mean of columns: 49,900.167969
  Beginning sample #6,017/6,327 (testing phase) (epoch #9/10).
    MSE loss, mean of columns: 54,055.851562
Done training epoch #9/10 (testing MSE norm (mean) vs. training MSE norm (mean): 303,180.625000 (54,738.605469) vs. 302,603.843750 (54,501.589844) (lower is more accurate)).

Beginning epoch #10/10.
  Beginning sample #1/6,327 (epoch #10/10).
    MSE loss, mean of columns: 59,195.972656
  Beginning sample #1,025/6,327 (epoch #10/10).
    MSE loss, mean of columns: 53,090.343750
  Beginning sample #2,049/6,327 (epoch #10/10).
    MSE loss, mean of columns: 54,318.343750
  Beginning sample #3,009/6,327 (epoch #10/10).
    MSE loss, mean of columns: 51,738.011719
  Beginning sample #4,033/6,327 (epoch #10/10).
    MSE loss, mean of columns: 58,472.843750
  Beginning sample #5,057/6,327 (testing phase) (epoch #10/10).
    MSE loss, mean of columns: 49,958.097656
  Beginning sample #6,017/6,327 (testing phase) (epoch #10/10).
    MSE loss, mean of columns: 54,027.246094
Done training epoch #10/10 (testing MSE norm (mean) vs. training MSE norm (mean): 303,134.500000 (54,732.574219) vs. 302,661.562500 (54,513.929688) (lower is more accurate)).

Done training last epoch.  Preparing statistics...

Last testing MSE   (norm) (mean) : <    301.654724,     318.773376, 290,298.562500,   1,619.738159,   1,647.317505,   1,713.514404,  87,228.476562> (303,134.500000) ( 54,732.574219)
Last testing RMSE  (norm) (mean) : <     17.368210,      17.854225,     538.793640,      40.245972,      40.587158,      41.394619,     295.344666> (    618.973389) (    141.655487)
Last training MSE  (norm) (mean) : <    314.819641,     308.788239, 290,220.125000,   1,597.337891,   1,631.122192,   1,687.999756,  85,837.328125> (302,661.562500) ( 54,513.929688)
Last training RMSE (norm) (mean) : <     17.743158,      17.572371,     538.720825,      39.966709,      40.387154,      41.085274,     292.980072> (    617.735779) (    141.207932)

Label column names               : <        Iin[A],        Iout[A],          l[mm],         p1[mm],         p2[mm],         p3[mm],        win[mm]>

All labels mean    (norm) (mean) : <     23.333334,      23.333334,     763.584656,      45.974396,      46.998577,      46.998577,     332.147949> (    837.259827) (    183.195831)
All labels var     (norm) (mean) : <    155.580139,     155.580139,  90,067.960938,     819.628174,     847.313171,     847.313171,  42,899.320312> ( 99,773.468750) ( 19,398.955078)
All labels stddev  (norm) (mean) : <     12.473177,      12.473177,     300.113251,      28.629148,      29.108644,      29.108644,     207.121521> (    368.500610) (     88.432510)

All labels min     (norm) (mean) : <     10.000000,      10.000000,     400.000000,      10.000000,      10.000000,      10.000000,     100.000000> (    412.916443) (     78.571426)
...1st quartile    (norm) (mean) : <     10.000000,      10.000000,     500.000000,      20.000000,      20.000000,      20.000000,     100.000000> (    511.272919) (     97.142860)
All labels median  (norm) (mean) : <     20.000000,      20.000000,     700.000000,      40.000000,      40.000000,      40.000000,     400.000000> (    809.691284) (    180.000000)
...3rd quartile    (norm) (mean) : <     40.000000,      40.000000,   1,000.000000,      70.000000,      70.000000,      70.000000,     500.000000> (  1,126.010620) (    255.714279)
All labels max     (norm) (mean) : <     40.000000,      40.000000,   1,300.000000,     100.000000,     100.000000,     100.000000,     700.000000> (  1,487.682739) (    340.000000)

Wrote MSE errors (testing MSE for each epoch and then training MSE for each epoch) to `dist/train_dense_mse_00_initial.csv'.

Saved trained model to `dist/dense_00_initial.pt'.

Done training all epochs.
Have a good day.
